<?xml version="1.0" encoding="UTF-8"?>
<!-- Generated by org.testng.reporters.JUnitReportReporter -->
<testsuite hostname="DESKTOP-EJPKS3F" failures="0" tests="11" name="tests.RsyncTest" time="148.456" errors="0" timestamp="2025-02-26T17:58:28 IST" skipped="0">
  <testcase classname="tests.RsyncTest" name="testSyncGCSToLocal" time="17.493"/>
  <system-out/>
  <testcase classname="tests.RsyncTest" name="testSyncFromInvalidSource" time="2.202"/>
  <system-out/>
  <testcase classname="tests.RsyncTest" name="testSyncGCSToLocal" time="20.498"/>
  <system-out/>
  <testcase classname="tests.RsyncTest" name="testSyncGCSToLocal" time="17.095"/>
  <system-out/>
  <testcase classname="tests.RsyncTest" name="testSyncLocalToGCS" time="15.203"/>
  <system-out/>
  <testcase classname="tests.RsyncTest" name="testSyncLocalToGCS" time="16.611"/>
  <system-out/>
  <testcase classname="tests.RsyncTest" name="testSyncGCSToLocal" time="17.328"/>
  <system-out/>
  <testcase classname="tests.RsyncTest" name="testSyncFromInvalidSource" time="2.007"/>
  <system-out/>
  <testcase classname="tests.RsyncTest" name="testSyncFromInvalidSource" time="2.240"/>
  <system-out/>
  <testcase classname="tests.RsyncTest" name="testSyncGCSToLocal" time="19.676"/>
  <system-out/>
  <testcase classname="tests.RsyncTest" name="testSyncLocalToGCS" time="18.103"/>
  <system-out/>
</testsuite> <!-- tests.RsyncTest -->
