<?xml version="1.0" encoding="UTF-8"?>
<!-- Generated by org.testng.reporters.JUnitReportReporter -->
<testsuite hostname="DESKTOP-EJPKS3F" failures="0" tests="8" name="tests.CopyFileTest" time="75.569" errors="0" timestamp="2025-02-26T17:58:27 IST" skipped="0">
  <testcase classname="tests.CopyFileTest" name="testCopyFromInvalidLocalPath" time="8.905"/>
  <system-out/>
  <testcase classname="tests.CopyFileTest" name="testCopyFile" time="9.310"/>
  <system-out/>
  <testcase classname="tests.CopyFileTest" name="testCopyFile" time="9.566"/>
  <system-out/>
  <testcase classname="tests.CopyFileTest" name="testCopyNonExistentFile" time="8.654"/>
  <system-out/>
  <testcase classname="tests.CopyFileTest" name="testCopyFile" time="6.268"/>
  <system-out/>
  <testcase classname="tests.CopyFileTest" name="testCopyToInvalidGCSPath" time="8.663"/>
  <system-out/>
  <testcase classname="tests.CopyFileTest" name="testCopyFile" time="14.405"/>
  <system-out/>
  <testcase classname="tests.CopyFileTest" name="testCopyFile" time="9.798"/>
  <system-out/>
</testsuite> <!-- tests.CopyFileTest -->
