<?xml version="1.0" encoding="UTF-8"?>
<!-- Generated by org.testng.reporters.JUnitReportReporter -->
<testsuite hostname="DESKTOP-EJPKS3F" failures="0" tests="7" name="tests.RemoveFileTest" time="67.879" errors="0" timestamp="2025-02-26T17:58:28 IST" skipped="0">
  <testcase classname="tests.RemoveFileTest" name="testRemoveFiles" time="14.236"/>
  <system-out/>
  <testcase classname="tests.RemoveFileTest" name="testRemoveNonExistentFiles" time="5.263"/>
  <system-out/>
  <testcase classname="tests.RemoveFileTest" name="testRemoveFiles" time="5.531"/>
  <system-out/>
  <testcase classname="tests.RemoveFileTest" name="testRemoveFiles" time="12.266"/>
  <system-out/>
  <testcase classname="tests.RemoveFileTest" name="testRemoveFiles" time="12.466"/>
  <system-out/>
  <testcase classname="tests.RemoveFileTest" name="testRemoveFiles" time="13.349"/>
  <system-out/>
  <testcase classname="tests.RemoveFileTest" name="testRemoveFilesFromNonExistentBucket" time="4.768"/>
  <system-out/>
</testsuite> <!-- tests.RemoveFileTest -->
